[INFO] Scanning for projects...
[INFO] 
[INFO] -------------------< com.healthcare:patient-service >-------------------
[INFO] Building patient-service 0.0.1-SNAPSHOT
[INFO]   from pom.xml
[INFO] --------------------------------[ jar ]---------------------------------
[INFO] 
[INFO] --- clean:3.4.1:clean (default-clean) @ patient-service ---
[INFO] Deleting C:\SLIIT\3rd Year 2nd Semester\DS - SE3020\Project\test\An test\Healthcare-platform\services\patient-service\target
[INFO] 
[INFO] --- resources:3.3.1:resources (default-resources) @ patient-service ---
[INFO] Copying 1 resource from src\main\resources to target\classes
[INFO] Copying 0 resource from src\main\resources to target\classes
[INFO] 
[INFO] --- compiler:3.14.1:compile (default-compile) @ patient-service ---
[INFO] Recompiling the module because of changed source code.
[INFO] Compiling 12 source files with javac [debug parameters release 21] to target\classes
[INFO] -------------------------------------------------------------
[ERROR] COMPILATION ERROR : 
[INFO] -------------------------------------------------------------
[ERROR] /C:/SLIIT/3rd Year 2nd Semester/DS - SE3020/Project/test/An test/Healthcare-platform/services/patient-service/src/main/java/com/healthcare/patientservice/controller/PatientProfileController.java:[27,41] variable patientProfileService not initialized in the default constructor
[ERROR] /C:/SLIIT/3rd Year 2nd Semester/DS - SE3020/Project/test/An test/Healthcare-platform/services/patient-service/src/main/java/com/healthcare/patientservice/service/PatientProfileService.java:[31,39] cannot find symbol
  symbol:   method builder()
  location: class com.healthcare.patientservice.model.PatientProfile
[ERROR] /C:/SLIIT/3rd Year 2nd Semester/DS - SE3020/Project/test/An test/Healthcare-platform/services/patient-service/src/main/java/com/healthcare/patientservice/service/PatientProfileService.java:[33,37] cannot find symbol
  symbol:   method getFullName()
  location: variable request of type com.healthcare.patientservice.dto.PatientProfileDTO
[ERROR] /C:/SLIIT/3rd Year 2nd Semester/DS - SE3020/Project/test/An test/Healthcare-platform/services/patient-service/src/main/java/com/healthcare/patientservice/service/PatientProfileService.java:[34,34] cannot find symbol
  symbol:   method getEmail()
  location: variable request of type com.healthcare.patientservice.dto.PatientProfileDTO
[ERROR] /C:/SLIIT/3rd Year 2nd Semester/DS - SE3020/Project/test/An test/Healthcare-platform/services/patient-service/src/main/java/com/healthcare/patientservice/service/PatientProfileService.java:[35,34] cannot find symbol
  symbol:   method getPhone()
  location: variable request of type com.healthcare.patientservice.dto.PatientProfileDTO
[ERROR] /C:/SLIIT/3rd Year 2nd Semester/DS - SE3020/Project/test/An test/Healthcare-platform/services/patient-service/src/main/java/com/healthcare/patientservice/service/PatientProfileService.java:[36,36] cannot find symbol
  symbol:   method getAddress()
  location: variable request of type com.healthcare.patientservice.dto.PatientProfileDTO
[ERROR] /C:/SLIIT/3rd Year 2nd Semester/DS - SE3020/Project/test/An test/Healthcare-platform/services/patient-service/src/main/java/com/healthcare/patientservice/service/PatientProfileService.java:[37,39] cannot find symbol
  symbol:   method getBloodGroup()
  location: variable request of type com.healthcare.patientservice.dto.PatientProfileDTO
[ERROR] /C:/SLIIT/3rd Year 2nd Semester/DS - SE3020/Project/test/An test/Healthcare-platform/services/patient-service/src/main/java/com/healthcare/patientservice/service/PatientProfileService.java:[38,38] cannot find symbol
  symbol:   method getAllergies()
  location: variable request of type com.healthcare.patientservice.dto.PatientProfileDTO
[ERROR] /C:/SLIIT/3rd Year 2nd Semester/DS - SE3020/Project/test/An test/Healthcare-platform/services/patient-service/src/main/java/com/healthcare/patientservice/service/PatientProfileService.java:[39,45] cannot find symbol
  symbol:   method getEmergencyContact()
  location: variable request of type com.healthcare.patientservice.dto.PatientProfileDTO
[ERROR] /C:/SLIIT/3rd Year 2nd Semester/DS - SE3020/Project/test/An test/Healthcare-platform/services/patient-service/src/main/java/com/healthcare/patientservice/service/PatientProfileService.java:[40,41] cannot find symbol
  symbol:   method getMedicalNotes()
  location: variable request of type com.healthcare.patientservice.dto.PatientProfileDTO
[ERROR] /C:/SLIIT/3rd Year 2nd Semester/DS - SE3020/Project/test/An test/Healthcare-platform/services/patient-service/src/main/java/com/healthcare/patientservice/service/PatientProfileService.java:[58,45] cannot find symbol
  symbol:   method builder()
  location: class com.healthcare.patientservice.model.MedicalReport
[ERROR] /C:/SLIIT/3rd Year 2nd Semester/DS - SE3020/Project/test/An test/Healthcare-platform/services/patient-service/src/main/java/com/healthcare/patientservice/service/PatientProfileService.java:[60,38] cannot find symbol
  symbol:   method getReportName()
  location: variable reportDto of type com.healthcare.patientservice.dto.MedicalReportDTO
[ERROR] /C:/SLIIT/3rd Year 2nd Semester/DS - SE3020/Project/test/An test/Healthcare-platform/services/patient-service/src/main/java/com/healthcare/patientservice/service/PatientProfileService.java:[61,38] cannot find symbol
  symbol:   method getReportType()
  location: variable reportDto of type com.healthcare.patientservice.dto.MedicalReportDTO
[ERROR] /C:/SLIIT/3rd Year 2nd Semester/DS - SE3020/Project/test/An test/Healthcare-platform/services/patient-service/src/main/java/com/healthcare/patientservice/service/PatientProfileService.java:[62,33] cannot find symbol
  symbol:   method getNotes()
  location: variable reportDto of type com.healthcare.patientservice.dto.MedicalReportDTO
[ERROR] /C:/SLIIT/3rd Year 2nd Semester/DS - SE3020/Project/test/An test/Healthcare-platform/services/patient-service/src/main/java/com/healthcare/patientservice/service/PatientProfileService.java:[63,39] cannot find symbol
  symbol:   method getDocumentUrl()
  location: variable reportDto of type com.healthcare.patientservice.dto.MedicalReportDTO
[ERROR] /C:/SLIIT/3rd Year 2nd Semester/DS - SE3020/Project/test/An test/Healthcare-platform/services/patient-service/src/main/java/com/healthcare/patientservice/service/PatientProfileService.java:[71,33] cannot find symbol
  symbol:   method builder()
  location: class com.healthcare.patientservice.dto.PatientProfileDTO
[ERROR] /C:/SLIIT/3rd Year 2nd Semester/DS - SE3020/Project/test/An test/Healthcare-platform/services/patient-service/src/main/java/com/healthcare/patientservice/service/PatientProfileService.java:[72,35] cannot find symbol
  symbol:   method getPatientId()
  location: variable profile of type com.healthcare.patientservice.model.PatientProfile
[ERROR] /C:/SLIIT/3rd Year 2nd Semester/DS - SE3020/Project/test/An test/Healthcare-platform/services/patient-service/src/main/java/com/healthcare/patientservice/service/PatientProfileService.java:[73,34] cannot find symbol
  symbol:   method getFullName()
  location: variable profile of type com.healthcare.patientservice.model.PatientProfile
[ERROR] /C:/SLIIT/3rd Year 2nd Semester/DS - SE3020/Project/test/An test/Healthcare-platform/services/patient-service/src/main/java/com/healthcare/patientservice/service/PatientProfileService.java:[74,31] cannot find symbol
  symbol:   method getEmail()
  location: variable profile of type com.healthcare.patientservice.model.PatientProfile
[ERROR] /C:/SLIIT/3rd Year 2nd Semester/DS - SE3020/Project/test/An test/Healthcare-platform/services/patient-service/src/main/java/com/healthcare/patientservice/service/PatientProfileService.java:[75,31] cannot find symbol
  symbol:   method getPhone()
  location: variable profile of type com.healthcare.patientservice.model.PatientProfile
[ERROR] /C:/SLIIT/3rd Year 2nd Semester/DS - SE3020/Project/test/An test/Healthcare-platform/services/patient-service/src/main/java/com/healthcare/patientservice/service/PatientProfileService.java:[76,33] cannot find symbol
  symbol:   method getAddress()
  location: variable profile of type com.healthcare.patientservice.model.PatientProfile
[ERROR] /C:/SLIIT/3rd Year 2nd Semester/DS - SE3020/Project/test/An test/Healthcare-platform/services/patient-service/src/main/java/com/healthcare/patientservice/service/PatientProfileService.java:[77,36] cannot find symbol
  symbol:   method getBloodGroup()
  location: variable profile of type com.healthcare.patientservice.model.PatientProfile
[ERROR] /C:/SLIIT/3rd Year 2nd Semester/DS - SE3020/Project/test/An test/Healthcare-platform/services/patient-service/src/main/java/com/healthcare/patientservice/service/PatientProfileService.java:[78,35] cannot find symbol
  symbol:   method getAllergies()
  location: variable profile of type com.healthcare.patientservice.model.PatientProfile
[ERROR] /C:/SLIIT/3rd Year 2nd Semester/DS - SE3020/Project/test/An test/Healthcare-platform/services/patient-service/src/main/java/com/healthcare/patientservice/service/PatientProfileService.java:[79,42] cannot find symbol
  symbol:   method getEmergencyContact()
  location: variable profile of type com.healthcare.patientservice.model.PatientProfile
[ERROR] /C:/SLIIT/3rd Year 2nd Semester/DS - SE3020/Project/test/An test/Healthcare-platform/services/patient-service/src/main/java/com/healthcare/patientservice/service/PatientProfileService.java:[80,38] cannot find symbol
  symbol:   method getMedicalNotes()
  location: variable profile of type com.healthcare.patientservice.model.PatientProfile
[ERROR] /C:/SLIIT/3rd Year 2nd Semester/DS - SE3020/Project/test/An test/Healthcare-platform/services/patient-service/src/main/java/com/healthcare/patientservice/service/PatientProfileService.java:[85,32] cannot find symbol
  symbol:   method builder()
  location: class com.healthcare.patientservice.dto.MedicalReportDTO
[ERROR] /C:/SLIIT/3rd Year 2nd Semester/DS - SE3020/Project/test/An test/Healthcare-platform/services/patient-service/src/main/java/com/healthcare/patientservice/service/PatientProfileService.java:[86,33] cannot find symbol
  symbol:   method getReportId()
  location: variable report of type com.healthcare.patientservice.model.MedicalReport
[ERROR] /C:/SLIIT/3rd Year 2nd Semester/DS - SE3020/Project/test/An test/Healthcare-platform/services/patient-service/src/main/java/com/healthcare/patientservice/service/PatientProfileService.java:[87,34] cannot find symbol
  symbol:   method getPatientProfile()
  location: variable report of type com.healthcare.patientservice.model.MedicalReport
[ERROR] /C:/SLIIT/3rd Year 2nd Semester/DS - SE3020/Project/test/An test/Healthcare-platform/services/patient-service/src/main/java/com/healthcare/patientservice/service/PatientProfileService.java:[88,35] cannot find symbol
  symbol:   method getReportName()
  location: variable report of type com.healthcare.patientservice.model.MedicalReport
[ERROR] /C:/SLIIT/3rd Year 2nd Semester/DS - SE3020/Project/test/An test/Healthcare-platform/services/patient-service/src/main/java/com/healthcare/patientservice/service/PatientProfileService.java:[89,35] cannot find symbol
  symbol:   method getReportType()
  location: variable report of type com.healthcare.patientservice.model.MedicalReport
[ERROR] /C:/SLIIT/3rd Year 2nd Semester/DS - SE3020/Project/test/An test/Healthcare-platform/services/patient-service/src/main/java/com/healthcare/patientservice/service/PatientProfileService.java:[90,30] cannot find symbol
  symbol:   method getNotes()
  location: variable report of type com.healthcare.patientservice.model.MedicalReport
[ERROR] /C:/SLIIT/3rd Year 2nd Semester/DS - SE3020/Project/test/An test/Healthcare-platform/services/patient-service/src/main/java/com/healthcare/patientservice/service/PatientProfileService.java:[91,36] cannot find symbol
  symbol:   method getDocumentUrl()
  location: variable report of type com.healthcare.patientservice.model.MedicalReport
[ERROR] /C:/SLIIT/3rd Year 2nd Semester/DS - SE3020/Project/test/An test/Healthcare-platform/services/patient-service/src/main/java/com/healthcare/patientservice/service/PatientProfileService.java:[92,35] cannot find symbol
  symbol:   method getUploadedAt()
  location: variable report of type com.healthcare.patientservice.model.MedicalReport
[ERROR] /C:/SLIIT/3rd Year 2nd Semester/DS - SE3020/Project/test/An test/Healthcare-platform/services/patient-service/src/main/java/com/healthcare/patientservice/exception/GlobalExceptionHandler.java:[22,52] cannot find symbol
  symbol:   method builder()
  location: class com.healthcare.patientservice.exception.ErrorResponse
[ERROR] /C:/SLIIT/3rd Year 2nd Semester/DS - SE3020/Project/test/An test/Healthcare-platform/services/patient-service/src/main/java/com/healthcare/patientservice/exception/GlobalExceptionHandler.java:[44,52] cannot find symbol
  symbol:   method builder()
  location: class com.healthcare.patientservice.exception.ErrorResponse
[ERROR] /C:/SLIIT/3rd Year 2nd Semester/DS - SE3020/Project/test/An test/Healthcare-platform/services/patient-service/src/main/java/com/healthcare/patientservice/exception/GlobalExceptionHandler.java:[60,52] cannot find symbol
  symbol:   method builder()
  location: class com.healthcare.patientservice.exception.ErrorResponse
[INFO] 36 errors 
[INFO] -------------------------------------------------------------
[INFO] ------------------------------------------------------------------------
[INFO] BUILD FAILURE
[INFO] ------------------------------------------------------------------------
[INFO] Total time:  2.325 s
[INFO] Finished at: 2026-04-13T15:43:14+05:30
[INFO] ------------------------------------------------------------------------
[ERROR] Failed to execute goal org.apache.maven.plugins:maven-compiler-plugin:3.14.1:compile (default-compile) on project patient-service: Compilation failure: Compilation failure: 
[ERROR] /C:/SLIIT/3rd Year 2nd Semester/DS - SE3020/Project/test/An test/Healthcare-platform/services/patient-service/src/main/java/com/healthcare/patientservice/controller/PatientProfileController.java:[27,41] variable patientProfileService not initialized in the default constructor
[ERROR] /C:/SLIIT/3rd Year 2nd Semester/DS - SE3020/Project/test/An test/Healthcare-platform/services/patient-service/src/main/java/com/healthcare/patientservice/service/PatientProfileService.java:[31,39] cannot find symbol
[ERROR]   symbol:   method builder()
[ERROR]   location: class com.healthcare.patientservice.model.PatientProfile
[ERROR] /C:/SLIIT/3rd Year 2nd Semester/DS - SE3020/Project/test/An test/Healthcare-platform/services/patient-service/src/main/java/com/healthcare/patientservice/service/PatientProfileService.java:[33,37] cannot find symbol
[ERROR]   symbol:   method getFullName()
[ERROR]   location: variable request of type com.healthcare.patientservice.dto.PatientProfileDTO
[ERROR] /C:/SLIIT/3rd Year 2nd Semester/DS - SE3020/Project/test/An test/Healthcare-platform/services/patient-service/src/main/java/com/healthcare/patientservice/service/PatientProfileService.java:[34,34] cannot find symbol
[ERROR]   symbol:   method getEmail()
[ERROR]   location: variable request of type com.healthcare.patientservice.dto.PatientProfileDTO
[ERROR] /C:/SLIIT/3rd Year 2nd Semester/DS - SE3020/Project/test/An test/Healthcare-platform/services/patient-service/src/main/java/com/healthcare/patientservice/service/PatientProfileService.java:[35,34] cannot find symbol
[ERROR]   symbol:   method getPhone()
[ERROR]   location: variable request of type com.healthcare.patientservice.dto.PatientProfileDTO
[ERROR] /C:/SLIIT/3rd Year 2nd Semester/DS - SE3020/Project/test/An test/Healthcare-platform/services/patient-service/src/main/java/com/healthcare/patientservice/service/PatientProfileService.java:[36,36] cannot find symbol
[ERROR]   symbol:   method getAddress()
[ERROR]   location: variable request of type com.healthcare.patientservice.dto.PatientProfileDTO
[ERROR] /C:/SLIIT/3rd Year 2nd Semester/DS - SE3020/Project/test/An test/Healthcare-platform/services/patient-service/src/main/java/com/healthcare/patientservice/service/PatientProfileService.java:[37,39] cannot find symbol
[ERROR]   symbol:   method getBloodGroup()
[ERROR]   location: variable request of type com.healthcare.patientservice.dto.PatientProfileDTO
[ERROR] /C:/SLIIT/3rd Year 2nd Semester/DS - SE3020/Project/test/An test/Healthcare-platform/services/patient-service/src/main/java/com/healthcare/patientservice/service/PatientProfileService.java:[38,38] cannot find symbol
[ERROR]   symbol:   method getAllergies()
[ERROR]   location: variable request of type com.healthcare.patientservice.dto.PatientProfileDTO
[ERROR] /C:/SLIIT/3rd Year 2nd Semester/DS - SE3020/Project/test/An test/Healthcare-platform/services/patient-service/src/main/java/com/healthcare/patientservice/service/PatientProfileService.java:[39,45] cannot find symbol
[ERROR]   symbol:   method getEmergencyContact()
[ERROR]   location: variable request of type com.healthcare.patientservice.dto.PatientProfileDTO
[ERROR] /C:/SLIIT/3rd Year 2nd Semester/DS - SE3020/Project/test/An test/Healthcare-platform/services/patient-service/src/main/java/com/healthcare/patientservice/service/PatientProfileService.java:[40,41] cannot find symbol
[ERROR]   symbol:   method getMedicalNotes()
[ERROR]   location: variable request of type com.healthcare.patientservice.dto.PatientProfileDTO
[ERROR] /C:/SLIIT/3rd Year 2nd Semester/DS - SE3020/Project/test/An test/Healthcare-platform/services/patient-service/src/main/java/com/healthcare/patientservice/service/PatientProfileService.java:[58,45] cannot find symbol
[ERROR]   symbol:   method builder()
[ERROR]   location: class com.healthcare.patientservice.model.MedicalReport
[ERROR] /C:/SLIIT/3rd Year 2nd Semester/DS - SE3020/Project/test/An test/Healthcare-platform/services/patient-service/src/main/java/com/healthcare/patientservice/service/PatientProfileService.java:[60,38] cannot find symbol
[ERROR]   symbol:   method getReportName()
[ERROR]   location: variable reportDto of type com.healthcare.patientservice.dto.MedicalReportDTO
[ERROR] /C:/SLIIT/3rd Year 2nd Semester/DS - SE3020/Project/test/An test/Healthcare-platform/services/patient-service/src/main/java/com/healthcare/patientservice/service/PatientProfileService.java:[61,38] cannot find symbol
[ERROR]   symbol:   method getReportType()
[ERROR]   location: variable reportDto of type com.healthcare.patientservice.dto.MedicalReportDTO
[ERROR] /C:/SLIIT/3rd Year 2nd Semester/DS - SE3020/Project/test/An test/Healthcare-platform/services/patient-service/src/main/java/com/healthcare/patientservice/service/PatientProfileService.java:[62,33] cannot find symbol
[ERROR]   symbol:   method getNotes()
[ERROR]   location: variable reportDto of type com.healthcare.patientservice.dto.MedicalReportDTO
[ERROR] /C:/SLIIT/3rd Year 2nd Semester/DS - SE3020/Project/test/An test/Healthcare-platform/services/patient-service/src/main/java/com/healthcare/patientservice/service/PatientProfileService.java:[63,39] cannot find symbol
[ERROR]   symbol:   method getDocumentUrl()
[ERROR]   location: variable reportDto of type com.healthcare.patientservice.dto.MedicalReportDTO
[ERROR] /C:/SLIIT/3rd Year 2nd Semester/DS - SE3020/Project/test/An test/Healthcare-platform/services/patient-service/src/main/java/com/healthcare/patientservice/service/PatientProfileService.java:[71,33] cannot find symbol
[ERROR]   symbol:   method builder()
[ERROR]   location: class com.healthcare.patientservice.dto.PatientProfileDTO
[ERROR] /C:/SLIIT/3rd Year 2nd Semester/DS - SE3020/Project/test/An test/Healthcare-platform/services/patient-service/src/main/java/com/healthcare/patientservice/service/PatientProfileService.java:[72,35] cannot find symbol
[ERROR]   symbol:   method getPatientId()
[ERROR]   location: variable profile of type com.healthcare.patientservice.model.PatientProfile
[ERROR] /C:/SLIIT/3rd Year 2nd Semester/DS - SE3020/Project/test/An test/Healthcare-platform/services/patient-service/src/main/java/com/healthcare/patientservice/service/PatientProfileService.java:[73,34] cannot find symbol
[ERROR]   symbol:   method getFullName()
[ERROR]   location: variable profile of type com.healthcare.patientservice.model.PatientProfile
[ERROR] /C:/SLIIT/3rd Year 2nd Semester/DS - SE3020/Project/test/An test/Healthcare-platform/services/patient-service/src/main/java/com/healthcare/patientservice/service/PatientProfileService.java:[74,31] cannot find symbol
[ERROR]   symbol:   method getEmail()
[ERROR]   location: variable profile of type com.healthcare.patientservice.model.PatientProfile
[ERROR] /C:/SLIIT/3rd Year 2nd Semester/DS - SE3020/Project/test/An test/Healthcare-platform/services/patient-service/src/main/java/com/healthcare/patientservice/service/PatientProfileService.java:[75,31] cannot find symbol
[ERROR]   symbol:   method getPhone()
[ERROR]   location: variable profile of type com.healthcare.patientservice.model.PatientProfile
[ERROR] /C:/SLIIT/3rd Year 2nd Semester/DS - SE3020/Project/test/An test/Healthcare-platform/services/patient-service/src/main/java/com/healthcare/patientservice/service/PatientProfileService.java:[76,33] cannot find symbol
[ERROR]   symbol:   method getAddress()
[ERROR]   location: variable profile of type com.healthcare.patientservice.model.PatientProfile
[ERROR] /C:/SLIIT/3rd Year 2nd Semester/DS - SE3020/Project/test/An test/Healthcare-platform/services/patient-service/src/main/java/com/healthcare/patientservice/service/PatientProfileService.java:[77,36] cannot find symbol
[ERROR]   symbol:   method getBloodGroup()
[ERROR]   location: variable profile of type com.healthcare.patientservice.model.PatientProfile
[ERROR] /C:/SLIIT/3rd Year 2nd Semester/DS - SE3020/Project/test/An test/Healthcare-platform/services/patient-service/src/main/java/com/healthcare/patientservice/service/PatientProfileService.java:[78,35] cannot find symbol
[ERROR]   symbol:   method getAllergies()
[ERROR]   location: variable profile of type com.healthcare.patientservice.model.PatientProfile
[ERROR] /C:/SLIIT/3rd Year 2nd Semester/DS - SE3020/Project/test/An test/Healthcare-platform/services/patient-service/src/main/java/com/healthcare/patientservice/service/PatientProfileService.java:[79,42] cannot find symbol
[ERROR]   symbol:   method getEmergencyContact()
[ERROR]   location: variable profile of type com.healthcare.patientservice.model.PatientProfile
[ERROR] /C:/SLIIT/3rd Year 2nd Semester/DS - SE3020/Project/test/An test/Healthcare-platform/services/patient-service/src/main/java/com/healthcare/patientservice/service/PatientProfileService.java:[80,38] cannot find symbol
[ERROR]   symbol:   method getMedicalNotes()
[ERROR]   location: variable profile of type com.healthcare.patientservice.model.PatientProfile
[ERROR] /C:/SLIIT/3rd Year 2nd Semester/DS - SE3020/Project/test/An test/Healthcare-platform/services/patient-service/src/main/java/com/healthcare/patientservice/service/PatientProfileService.java:[85,32] cannot find symbol
[ERROR]   symbol:   method builder()
[ERROR]   location: class com.healthcare.patientservice.dto.MedicalReportDTO
[ERROR] /C:/SLIIT/3rd Year 2nd Semester/DS - SE3020/Project/test/An test/Healthcare-platform/services/patient-service/src/main/java/com/healthcare/patientservice/service/PatientProfileService.java:[86,33] cannot find symbol
[ERROR]   symbol:   method getReportId()
[ERROR]   location: variable report of type com.healthcare.patientservice.model.MedicalReport
[ERROR] /C:/SLIIT/3rd Year 2nd Semester/DS - SE3020/Project/test/An test/Healthcare-platform/services/patient-service/src/main/java/com/healthcare/patientservice/service/PatientProfileService.java:[87,34] cannot find symbol
[ERROR]   symbol:   method getPatientProfile()
[ERROR]   location: variable report of type com.healthcare.patientservice.model.MedicalReport
[ERROR] /C:/SLIIT/3rd Year 2nd Semester/DS - SE3020/Project/test/An test/Healthcare-platform/services/patient-service/src/main/java/com/healthcare/patientservice/service/PatientProfileService.java:[88,35] cannot find symbol
[ERROR]   symbol:   method getReportName()
[ERROR]   location: variable report of type com.healthcare.patientservice.model.MedicalReport
[ERROR] /C:/SLIIT/3rd Year 2nd Semester/DS - SE3020/Project/test/An test/Healthcare-platform/services/patient-service/src/main/java/com/healthcare/patientservice/service/PatientProfileService.java:[89,35] cannot find symbol
[ERROR]   symbol:   method getReportType()
[ERROR]   location: variable report of type com.healthcare.patientservice.model.MedicalReport
[ERROR] /C:/SLIIT/3rd Year 2nd Semester/DS - SE3020/Project/test/An test/Healthcare-platform/services/patient-service/src/main/java/com/healthcare/patientservice/service/PatientProfileService.java:[90,30] cannot find symbol
[ERROR]   symbol:   method getNotes()
[ERROR]   location: variable report of type com.healthcare.patientservice.model.MedicalReport
[ERROR] /C:/SLIIT/3rd Year 2nd Semester/DS - SE3020/Project/test/An test/Healthcare-platform/services/patient-service/src/main/java/com/healthcare/patientservice/service/PatientProfileService.java:[91,36] cannot find symbol
[ERROR]   symbol:   method getDocumentUrl()
[ERROR]   location: variable report of type com.healthcare.patientservice.model.MedicalReport
[ERROR] /C:/SLIIT/3rd Year 2nd Semester/DS - SE3020/Project/test/An test/Healthcare-platform/services/patient-service/src/main/java/com/healthcare/patientservice/service/PatientProfileService.java:[92,35] cannot find symbol
[ERROR]   symbol:   method getUploadedAt()
[ERROR]   location: variable report of type com.healthcare.patientservice.model.MedicalReport
[ERROR] /C:/SLIIT/3rd Year 2nd Semester/DS - SE3020/Project/test/An test/Healthcare-platform/services/patient-service/src/main/java/com/healthcare/patientservice/exception/GlobalExceptionHandler.java:[22,52] cannot find symbol
[ERROR]   symbol:   method builder()
[ERROR]   location: class com.healthcare.patientservice.exception.ErrorResponse
[ERROR] /C:/SLIIT/3rd Year 2nd Semester/DS - SE3020/Project/test/An test/Healthcare-platform/services/patient-service/src/main/java/com/healthcare/patientservice/exception/GlobalExceptionHandler.java:[44,52] cannot find symbol
[ERROR]   symbol:   method builder()
[ERROR]   location: class com.healthcare.patientservice.exception.ErrorResponse
[ERROR] /C:/SLIIT/3rd Year 2nd Semester/DS - SE3020/Project/test/An test/Healthcare-platform/services/patient-service/src/main/java/com/healthcare/patientservice/exception/GlobalExceptionHandler.java:[60,52] cannot find symbol
[ERROR]   symbol:   method builder()
[ERROR]   location: class com.healthcare.patientservice.exception.ErrorResponse
[ERROR] -> [Help 1]
[ERROR] 
[ERROR] To see the full stack trace of the errors, re-run Maven with the -e switch.
[ERROR] Re-run Maven using the -X switch to enable full debug logging.
[ERROR] 
[ERROR] For more information about the errors and possible solutions, please read the following articles:
[ERROR] [Help 1] http://cwiki.apache.org/confluence/display/MAVEN/MojoFailureException
